request-id,request-method,request-path,request-query,request-payload,response-status,response-content-type,response-payload,response-oops,pre-handle-timestamp,post-handle-timestamp,"after-completion-timestamp"
"bab7afec-7445-4f45-9dd7-7b450c6624b9",GET,/,,,302,,,,4857264645000,4857367901100,4857374290000
"89892923-b4cf-4941-91a4-9243e64e922c",GET,/any/system/welcome,,,200,text/html;charset=utf-8,,,4857408944700,4857411397200,4868807166600
"59c090bc-5ef5-459f-9597-cdeea2a4d0bc",GET,"/libraries/fontawesome/5.2.0/css/all.min.css",,,200,text/css,,,4869271264600,4869460616300,4869462574900
"dd7b0ac6-d1bc-4fa6-8c95-630c87ec603c",GET,"/libraries/bootstrap/4.1.3/css/bootstrap.min.css",,,200,text/css,,,4869563654100,4869591147800,4869592446800
"cb16174e-6ae3-4ec6-9cec-e5578f450f44",GET,"/libraries/datatables/1.10.18/css/datatables.min.css",,,200,text/css,,,4869597935900,4869710445600,4869712492400
"b81a4a1b-0134-46b3-85bb-3e11cfb03c70",GET,"/libraries/acme/css/acme.css",,,200,text/css,,,4869721174600,4869842486200,4869843632100
"730a2e44-dc32-453d-8542-ce7422a84b06",GET,"/libraries/jquery/3.3.1/js/jquery.min.js",,,200,application/javascript,,,4869848307400,4869955664900,4869957128100
"e3d3bceb-5276-4bed-aee2-80dea8a8ecf7",GET,"/libraries/popper.js/1.14.4/js/popper.min.js",,,200,application/javascript,,,4869962616400,4870011444900,4870012975200
"dbba4fd9-b250-4f73-b10d-84f1e22147ed",GET,"/libraries/bootstrap/4.1.3/js/bootstrap.min.js",,,200,application/javascript,,,4870022068500,4870084822900,4870087102700
"e23675b9-45b3-4566-b180-01b4522eb322",GET,"/libraries/chart.js/2.7.2/js/chart.bundle.min.js",,,200,application/javascript,,,4870091098600,4870198246100,4870200065200
"59d38db4-bebe-4c65-a351-a97df25a4054",GET,"/libraries/areyousure/1.9.0/js/areyousure.min.js",,,200,application/javascript,,,4870208864300,4870259868900,4870260924300
"5d0cfa1a-95c2-4929-bce6-44fd8e35c50d",GET,"/libraries/datatables/1.10.18/js/jquery.datatables.min.js",,,200,application/javascript,,,4870265366900,4870340007900,4870341384200
"ef627966-702b-4f66-bd15-5f7e3f1547dd",GET,"/libraries/datatables/1.10.18/js/datatables.min.js",,,200,application/javascript,,,4870350942300,4870481533000,4870483033000
"1f5ce564-1bc3-4566-bb69-3ac2d7ee97ca",GET,"/libraries/acme/js/acme.js",,,200,application/javascript,,,4870493546200,4870538525300,4870539594800
"c06f9ac2-1c79-4df2-8e79-bb34ecdccc57",GET,/images/banner.png,,,200,image/png,,,4870544745400,4870560757100,4870562441800
"f0b41706-fb1b-44b6-9fb6-f46ed2f08a22",GET,/images/logo.png,,,200,image/png,,,4870582206800,4870590945800,4870592397300
"62762363-debb-48c3-93a5-0e32ec0bad23",GET,"/libraries/fontawesome/5.2.0/webfonts/fa-solid-900.woff2",,,200,application/font-woff2,,,4872710697700,4872724663200,4872725544400
"7b83f438-aaf9-4cc4-a4d4-5d23cc54d1c4",GET,"/libraries/fontawesome/5.2.0/webfonts/fa-brands-400.woff2",,,200,application/font-woff2,,,4872731366700,4872743783100,4872744647500
"fa738c38-2036-4313-9640-211d0f7904b8",GET,/images/favicon.ico,,,200,image/x-icon,,,4872787517700,4872814475800,4872815495800
"0f6802f6-f2f2-497a-861c-8c54f08977e2",GET,/any/system/welcome,,,200,text/html;charset=utf-8,,,4882813564700,4882815518900,4882983205900
"87dfd460-5e57-45bb-bc2a-f6a6bf620f74",GET,"/libraries/fontawesome/5.2.0/css/all.min.css",,,200,text/css,,,4883068013600,4883070913400,4883071667200
"ad4ed4e9-27e1-4f9f-bd65-ece4881bfeae",GET,"/libraries/bootstrap/4.1.3/css/bootstrap.min.css",,,200,text/css,,,4883075516900,4883078842500,4883079682100
"494e7bbf-9761-4cbe-9e37-2475e1853643",GET,"/libraries/datatables/1.10.18/css/datatables.min.css",,,200,text/css,,,4883083844100,4883086139200,4883086908600
"adb38819-9926-45bc-a18f-449d1b507b82",GET,"/libraries/jquery/3.3.1/js/jquery.min.js",,,200,application/javascript,,,4883090473600,4883092918800,4883093568600
"e1217185-9d41-4b6c-85a9-69173332b555",GET,"/libraries/popper.js/1.14.4/js/popper.min.js",,,200,application/javascript,,,4883097078800,4883100530600,4883103259100
"9d1a49b4-48b8-440c-b40b-4fcf3a7d535e",GET,"/libraries/bootstrap/4.1.3/js/bootstrap.min.js",,,200,application/javascript,,,4883111186900,4883114236700,4883115609600
"d03d8da8-f1b0-4c5a-a3f9-995c87729a8c",GET,"/libraries/acme/css/acme.css",,,200,text/css,,,4883125811000,4883129033300,4883130283400
"53467a29-f4bb-4b14-88de-da9f7b9f8154",GET,"/libraries/chart.js/2.7.2/js/chart.bundle.min.js",,,200,application/javascript,,,4883143567100,4883148014400,4883149533300
"e60a4406-af53-48f8-a6ce-a5545419e5f6",GET,"/libraries/areyousure/1.9.0/js/areyousure.min.js",,,200,application/javascript,,,4883159126900,4883162400900,4883163513400
"def8e585-86e5-4d47-ac7a-673d434e8ebd",GET,"/libraries/datatables/1.10.18/js/jquery.datatables.min.js",,,200,application/javascript,,,4883174206900,4883178284100,4883179502800
"e025671c-7992-4b92-bcb9-7252b4bea0b7",GET,"/libraries/datatables/1.10.18/js/datatables.min.js",,,200,application/javascript,,,4883188855000,4883193808100,4883194992200
"6bf750ef-1713-464f-bcc5-7ad51e025681",GET,"/libraries/acme/js/acme.js",,,200,application/javascript,,,4883202470200,4883212884300,4883223833800
"7e2d13c6-e4a2-4f93-a474-c288447f9933",GET,/images/banner.png,,,200,image/png,,,4883233839400,4883241926100,4883244066800
"c09d76be-6a04-4fdf-b166-0c84b7c9fb59",GET,/images/logo.png,,,200,image/png,,,4883258279800,4883262244500,4883263419500
"a4ee9230-006c-4e41-9750-ee60cff6e8a2",GET,"/libraries/fontawesome/5.2.0/webfonts/fa-solid-900.woff2",,,200,application/font-woff2,,,4883280631800,4883288836200,4883290081600
"3f7d3d27-38d6-4f78-a20e-6366a869b528",GET,"/libraries/fontawesome/5.2.0/webfonts/fa-brands-400.woff2",,,200,application/font-woff2,,,4883296227900,4883300817100,4883302658500
"abab796c-457f-4825-ade8-576de37fb518",GET,/,locale=es,,302,,,,4899986499500,4899990541000,4899991532900
"3cb9fae5-bb50-4f03-831f-79cab2668e9d",GET,/any/system/welcome,,,200,text/html;charset=utf-8,,,4899998037500,4899999534100,4900360720000
"dbd747c1-3d3a-443f-8e61-b2381828d07e",GET,"/libraries/fontawesome/5.2.0/css/all.min.css",,,200,text/css,,,4900463293500,4900466685800,4900467923600
"bff7f831-5bd8-46b6-a068-71753fe29eca",GET,"/libraries/bootstrap/4.1.3/css/bootstrap.min.css",,,200,text/css,,,4900472868400,4900476630200,4900477975500
"615b2259-eec7-4627-bc85-dd1f4654d516",GET,"/libraries/datatables/1.10.18/css/datatables.min.css",,,200,text/css,,,4900483659700,4900489064200,4900491161600
"a94ed703-f7db-4d88-aa8f-df4c75d91703",GET,"/libraries/jquery/3.3.1/js/jquery.min.js",,,200,application/javascript,,,4900501633900,4900507125300,4900509688000
"0bf1ede6-f1cd-4860-a247-d8faad258f82",GET,"/libraries/popper.js/1.14.4/js/popper.min.js",,,200,application/javascript,,,4900514857100,4900520916400,4900523569300
"c21af2cd-1f2e-4ec4-bc11-bf05299292ae",GET,"/libraries/acme/css/acme.css",,,200,text/css,,,4900531608000,4900537313100,4900538662800
"2a872eb2-8fd7-4a3c-a5b1-c97486364abc",GET,"/libraries/bootstrap/4.1.3/js/bootstrap.min.js",,,200,application/javascript,,,4900553959800,4900559272900,4900560395500
"86f9140b-710f-4e2b-a3c7-6479b1e93509",GET,"/libraries/chart.js/2.7.2/js/chart.bundle.min.js",,,200,application/javascript,,,4900566411500,4900573176200,4900574400900
"5fa29d02-5183-48d2-9ee3-c935618718ec",GET,"/libraries/areyousure/1.9.0/js/areyousure.min.js",,,200,application/javascript,,,4900582330100,4900588452500,4900589465400
"f36c5f1a-8f12-4eb4-97d4-58872d1d825f",GET,"/libraries/datatables/1.10.18/js/jquery.datatables.min.js",,,200,application/javascript,,,4900593760000,4900597029800,4900598329400
"09cd6fd9-f151-408c-bc73-93265ef01b11",GET,"/libraries/datatables/1.10.18/js/datatables.min.js",,,200,application/javascript,,,4900608444700,4900611748100,4900613297300
"d9b39d6a-a768-4eef-a410-e56d8f46e631",GET,"/libraries/acme/js/acme.js",,,200,application/javascript,,,4900625600400,4900629544900,4900630768300
"e8718524-2018-4aa8-b6b4-6283fe221601",GET,/images/banner.png,,,200,image/png,,,4900656239400,4900679630300,4900680843300
"1a7f4aef-5810-4991-95f5-74e006d79cd9",GET,/images/logo.png,,,200,image/png,,,4900688136300,4900692330800,4900693746800
"d5837b67-0a91-428b-b559-3b8e82dc0f4b",GET,"/libraries/fontawesome/5.2.0/webfonts/fa-solid-900.woff2",,,200,application/font-woff2,,,4900700152200,4900704678200,4900706656800
"af7a575e-a96a-4f34-bc47-c5fd9080f1a7",GET,"/libraries/fontawesome/5.2.0/webfonts/fa-brands-400.woff2",,,200,application/font-woff2,,,4900722938100,4900726953300,4900728926800
